{"D:\\Sites\\Backend\\Labs\\src\\api\\handlers\\dishes\\create.js": {"path":"D:\\Sites\\Backend\\Labs\\src\\api\\handlers\\dishes\\create.js","all":false,"statementMap":{"0":{"start":{"line":1,"column":0},"end":{"line":1,"column":46}},"1":{"start":{"line":2,"column":0},"end":{"line":2,"column":0}},"2":{"start":{"line":3,"column":0},"end":{"line":3,"column":49}},"3":{"start":{"line":4,"column":0},"end":{"line":4,"column":49}},"4":{"start":{"line":5,"column":0},"end":{"line":5,"column":0}},"5":{"start":{"line":6,"column":0},"end":{"line":6,"column":49}},"6":{"start":{"line":7,"column":0},"end":{"line":7,"column":31}},"7":{"start":{"line":8,"column":0},"end":{"line":8,"column":0}},"8":{"start":{"line":9,"column":0},"end":{"line":9,"column":34}},"9":{"start":{"line":10,"column":0},"end":{"line":10,"column":2}}},"s":{"0":1,"1":1,"2":1,"3":2,"4":2,"5":2,"6":2,"7":2,"8":2,"9":2},"branchMap":{"0":{"type":"branch","line":3,"loc":{"start":{"line":3,"column":28},"end":{"line":10,"column":2}},"locations":[{"start":{"line":3,"column":28},"end":{"line":10,"column":2}}]}},"b":{"0":[2]},"fnMap":{"0":{"name":"Object.<anonymous>.module.exports.createDish","decl":{"start":{"line":3,"column":28},"end":{"line":10,"column":2}},"loc":{"start":{"line":3,"column":28},"end":{"line":10,"column":2}},"line":3}},"f":{"0":2}}
,"D:\\Sites\\Backend\\Labs\\src\\shared\\wrapperApi.js": {"path":"D:\\Sites\\Backend\\Labs\\src\\shared\\wrapperApi.js","all":false,"statementMap":{"0":{"start":{"line":1,"column":0},"end":{"line":1,"column":42}},"1":{"start":{"line":2,"column":0},"end":{"line":2,"column":30}},"2":{"start":{"line":3,"column":0},"end":{"line":3,"column":9}},"3":{"start":{"line":4,"column":0},"end":{"line":4,"column":30}},"4":{"start":{"line":5,"column":0},"end":{"line":5,"column":19}},"5":{"start":{"line":6,"column":0},"end":{"line":6,"column":57}},"6":{"start":{"line":7,"column":0},"end":{"line":7,"column":16}},"7":{"start":{"line":8,"column":0},"end":{"line":8,"column":20}},"8":{"start":{"line":9,"column":0},"end":{"line":9,"column":70}},"9":{"start":{"line":10,"column":0},"end":{"line":10,"column":5}},"10":{"start":{"line":11,"column":0},"end":{"line":11,"column":4}},"11":{"start":{"line":12,"column":0},"end":{"line":12,"column":2}}},"s":{"0":1,"1":5,"2":5,"3":5,"4":5,"5":2,"6":2,"7":2,"8":2,"9":2,"10":5,"11":5},"branchMap":{"0":{"type":"branch","line":1,"loc":{"start":{"line":1,"column":29},"end":{"line":12,"column":2}},"locations":[{"start":{"line":1,"column":29},"end":{"line":12,"column":2}}]},"1":{"type":"branch","line":2,"loc":{"start":{"line":2,"column":9},"end":{"line":11,"column":3}},"locations":[{"start":{"line":2,"column":9},"end":{"line":11,"column":3}}]},"2":{"type":"branch","line":4,"loc":{"start":{"line":4,"column":29},"end":{"line":5,"column":6}},"locations":[{"start":{"line":4,"column":29},"end":{"line":5,"column":6}}]},"3":{"type":"branch","line":5,"loc":{"start":{"line":5,"column":6},"end":{"line":10,"column":5}},"locations":[{"start":{"line":5,"column":6},"end":{"line":10,"column":5}}]}},"b":{"0":[5],"1":[5],"2":[3],"3":[2]},"fnMap":{"0":{"name":"Object.<anonymous>.module.exports.wrapperApi","decl":{"start":{"line":1,"column":29},"end":{"line":12,"column":2}},"loc":{"start":{"line":1,"column":29},"end":{"line":12,"column":2}},"line":1}},"f":{"0":5}}
}
