TN:
SF:src\api\handlers\dishes\create.js
FN:3,Object.<anonymous>.module.exports.createDish
FNF:1
FNH:1
FNDA:2,Object.<anonymous>.module.exports.createDish
DA:1,1
DA:2,1
DA:3,1
DA:4,2
DA:5,2
DA:6,2
DA:7,2
DA:8,2
DA:9,2
DA:10,2
LF:10
LH:10
BRDA:3,0,0,2
BRF:1
BRH:1
end_of_record
TN:
SF:src\shared\wrapperApi.js
FN:1,Object.<anonymous>.module.exports.wrapperApi
FNF:1
FNH:1
FNDA:5,Object.<anonymous>.module.exports.wrapperApi
DA:1,1
DA:2,5
DA:3,5
DA:4,5
DA:5,5
DA:6,2
DA:7,2
DA:8,2
DA:9,2
DA:10,2
DA:11,5
DA:12,5
LF:12
LH:12
BRDA:1,0,0,5
BRDA:2,1,0,5
BRDA:4,2,0,3
BRDA:5,3,0,2
BRF:4
BRH:4
end_of_record
